<?xml version="1.0" encoding="UTF-8"?>
<testng-results ignored="0" total="2" passed="2" failed="0" skipped="0">
  <reporter-output>
  </reporter-output>
  <suite started-at="2022-07-27T19:07:18 IST" name="Default suite" finished-at="2022-07-27T19:07:39 IST" duration-ms="21365">
    <groups>
    </groups>
    <test started-at="2022-07-27T19:07:18 IST" name="Default test" finished-at="2022-07-27T19:07:39 IST" duration-ms="21365">
      <class name="com.execution.ExecutionClass">
        <test-method is-config="true" signature="Step1()[pri:0, instance:com.execution.ExecutionClass@52af26ee]" started-at="2022-07-27T19:07:18 IST" name="Step1" finished-at="2022-07-27T19:07:18 IST" duration-ms="24" status="PASS">
          <reporter-output>
          </reporter-output>
        </test-method> <!-- Step1 -->
        <test-method is-config="true" signature="Step2()[pri:0, instance:com.execution.ExecutionClass@52af26ee]" started-at="2022-07-27T19:07:19 IST" name="Step2" finished-at="2022-07-27T19:07:29 IST" duration-ms="10196" status="PASS">
          <reporter-output>
          </reporter-output>
        </test-method> <!-- Step2 -->
        <test-method signature="Step3(java.lang.String,java.lang.String,java.lang.String,java.lang.String,java.lang.String)[pri:0, instance:com.execution.ExecutionClass@52af26ee]" started-at="2022-07-27T19:07:29 IST" name="Step3" data-provider="data" finished-at="2022-07-27T19:07:31 IST" duration-ms="1846" status="PASS">
          <params>
            <param index="0">
              <value>
                <![CDATA[Vinusri]]>
              </value>
            </param>
            <param index="1">
              <value>
                <![CDATA[vinu]]>
              </value>
            </param>
            <param index="2">
              <value>
                <![CDATA[vinu]]>
              </value>
            </param>
            <param index="3">
              <value>
                <![CDATA[vinusri Panner]]>
              </value>
            </param>
            <param index="4">
              <value>
                <![CDATA[vinu@gmail.com]]>
              </value>
            </param>
          </params>
          <reporter-output>
          </reporter-output>
        </test-method> <!-- Step3 -->
        <test-method is-config="true" signature="Step4()[pri:0, instance:com.execution.ExecutionClass@52af26ee]" started-at="2022-07-27T19:07:31 IST" name="Step4" finished-at="2022-07-27T19:07:31 IST" duration-ms="482" status="PASS">
          <reporter-output>
          </reporter-output>
        </test-method> <!-- Step4 -->
        <test-method is-config="true" signature="Step2()[pri:0, instance:com.execution.ExecutionClass@52af26ee]" started-at="2022-07-27T19:07:31 IST" name="Step2" finished-at="2022-07-27T19:07:37 IST" duration-ms="6015" status="PASS">
          <reporter-output>
          </reporter-output>
        </test-method> <!-- Step2 -->
        <test-method signature="Step3(java.lang.String,java.lang.String,java.lang.String,java.lang.String,java.lang.String)[pri:0, instance:com.execution.ExecutionClass@52af26ee]" started-at="2022-07-27T19:07:37 IST" name="Step3" data-provider="data" finished-at="2022-07-27T19:07:39 IST" duration-ms="1802" status="PASS">
          <params>
            <param index="0">
              <value>
                <![CDATA[priyasri]]>
              </value>
            </param>
            <param index="1">
              <value>
                <![CDATA[priya]]>
              </value>
            </param>
            <param index="2">
              <value>
                <![CDATA[priya]]>
              </value>
            </param>
            <param index="3">
              <value>
                <![CDATA[vishnupriya]]>
              </value>
            </param>
            <param index="4">
              <value>
                <![CDATA[priya@gmail.com]]>
              </value>
            </param>
          </params>
          <reporter-output>
          </reporter-output>
        </test-method> <!-- Step3 -->
        <test-method is-config="true" signature="Step4()[pri:0, instance:com.execution.ExecutionClass@52af26ee]" started-at="2022-07-27T19:07:39 IST" name="Step4" finished-at="2022-07-27T19:07:39 IST" duration-ms="412" status="PASS">
          <reporter-output>
          </reporter-output>
        </test-method> <!-- Step4 -->
      </class> <!-- com.execution.ExecutionClass -->
    </test> <!-- Default test -->
  </suite> <!-- Default suite -->
</testng-results>
